\BOOKMARK [1][-]{section.1}{Introduction}{}% 1
\BOOKMARK [1][-]{section.2}{Related work in social psychology: Hidden Profiles}{}% 2
\BOOKMARK [1][-]{section.3}{The model}{}% 3
\BOOKMARK [2][-]{subsection.3.1}{Set-up}{section.3}% 4
\BOOKMARK [2][-]{subsection.3.2}{Expression heuristic}{section.3}% 5
\BOOKMARK [1][-]{section.4}{Opinion Dynamics}{}% 6
\BOOKMARK [2][-]{subsection.4.1}{Long-run opinions of expressers}{section.4}% 7
\BOOKMARK [3][-]{subsubsection.4.1.1}{Non-monotonic opinion updating}{subsection.4.1}% 8
\BOOKMARK [3][-]{subsubsection.4.1.2}{Moderate long-run opinions}{subsection.4.1}% 9
\BOOKMARK [2][-]{subsection.4.2}{The process of interpersonal influence }{section.4}% 10
\BOOKMARK [2][-]{subsection.4.3}{Patterns of long-run opinions: consensus and bi-polarization}{section.4}% 11
\BOOKMARK [3][-]{subsubsection.4.3.1}{Consensus}{subsection.4.3}% 12
\BOOKMARK [3][-]{subsubsection.4.3.2}{Bi-polarization}{subsection.4.3}% 13
\BOOKMARK [1][-]{section.5}{Network topology and opinion patterns}{}% 14
\BOOKMARK [2][-]{subsection.5.1}{Local Popularity part in intro}{section.5}% 15
\BOOKMARK [2][-]{subsection.5.2}{Local Popularity}{section.5}% 16
\BOOKMARK [2][-]{subsection.5.3}{Dynamic social Impact theory}{section.5}% 17
\BOOKMARK [2][-]{subsection.5.4}{Example}{section.5}% 18
\BOOKMARK [2][-]{subsection.5.5}{Agregate statistics}{section.5}% 19
\BOOKMARK [1][-]{section.6}{Conclusion and the way forward}{}% 20
\BOOKMARK [1][-]{section.7}{Appendix}{}% 21
\BOOKMARK [2][-]{subsection.7.1}{Proof of Proposition 1}{section.7}% 22
\BOOKMARK [2][-]{subsection.7.2}{Proof of Proposition 2}{section.7}% 23
\BOOKMARK [2][-]{subsection.7.3}{Proof of Lemma 1}{section.7}% 24
\BOOKMARK [2][-]{subsection.7.4}{Proof of Theorem 2}{section.7}% 25
\BOOKMARK [2][-]{subsection.7.5}{Proof of Proposition 3}{section.7}% 26
\BOOKMARK [2][-]{subsection.7.6}{Proof of Lemma 2}{section.7}% 27
\BOOKMARK [2][-]{subsection.7.7}{Network Statistics}{section.7}% 28
\BOOKMARK [2][-]{subsection.7.8}{Eigenvector centrality}{section.7}% 29
\BOOKMARK [2][-]{subsection.7.9}{Micro-foundation}{section.7}% 30
